[debug] [2020-10-05T10:18:37.428Z] ----------------------------------------------------------------------
[debug] [2020-10-05T10:18:37.439Z] Command:       C:\Program Files\nodejs\node.exe C:\Users\Dhanush\AppData\Roaming\npm\node_modules\firebase-tools\lib\bin\firebase.js emulators:start
[debug] [2020-10-05T10:18:37.441Z] CLI Version:   8.11.2
[debug] [2020-10-05T10:18:37.441Z] Platform:      win32
[debug] [2020-10-05T10:18:37.441Z] Node Version:  v14.9.0
[debug] [2020-10-05T10:18:37.446Z] Time:          Mon Oct 05 2020 15:48:37 GMT+0530 (India Standard Time)
[debug] [2020-10-05T10:18:37.447Z] ----------------------------------------------------------------------
[debug] [2020-10-05T10:18:37.447Z] 
[debug] [2020-10-05T10:18:37.483Z] > command requires scopes: ["email","openid","https://www.googleapis.com/auth/cloudplatformprojects.readonly","https://www.googleapis.com/auth/firebase","https://www.googleapis.com/auth/cloud-platform"]
[debug] [2020-10-05T10:18:37.487Z] > authorizing via signed-in user
[info] i  emulators: Starting emulators: functions, hosting {"metadata":{"emulator":{"name":"hub"},"message":"Starting emulators: functions, hosting"}}
[debug] [2020-10-05T10:18:37.795Z] [hub] writing locator at C:\Users\Dhanush\AppData\Local\Temp\hub-project-stripe.json
[warn] !  functions: The following emulators are not running, calls to these services from the Functions emulator will affect production: auth, firestore, database, pubsub {"metadata":{"emulator":{"name":"functions"},"message":"The following emulators are not running, calls to these services from the Functions emulator will affect production: \u001b[1mauth, firestore, database, pubsub\u001b[22m"}}
[warn] !  Your requested "node" version "10" doesn't match your global version "14" {"metadata":{"emulator":{"name":"functions"},"message":"Your requested \"node\" version \"10\" doesn't match your global version \"14\""}}
[debug] [2020-10-05T10:18:38.066Z] defaultcredentials: writing to file C:\Users\Dhanush\AppData\Roaming\firebase\vndhanush51_gmail_com_application_default_credentials.json
[debug] [2020-10-05T10:18:38.097Z] Setting GAC to C:\Users\Dhanush\AppData\Roaming\firebase\vndhanush51_gmail_com_application_default_credentials.json {"metadata":{"emulator":{"name":"functions"},"message":"Setting GAC to C:\\Users\\Dhanush\\AppData\\Roaming\\firebase\\vndhanush51_gmail_com_application_default_credentials.json"}}
[debug] [2020-10-05T10:18:38.155Z] >>> HTTP REQUEST GET https://firebase.googleapis.com/v1beta1/projects/project-stripe/webApps/-/config  
 
[debug] [2020-10-05T10:18:39.356Z] <<< HTTP RESPONSE 200 {"content-type":"application/json; charset=UTF-8","vary":"X-Origin, Referer, Origin,Accept-Encoding","date":"Mon, 05 Oct 2020 10:18:40 GMT","server":"ESF","cache-control":"private","x-xss-protection":"0","x-frame-options":"SAMEORIGIN","x-content-type-options":"nosniff","alt-svc":"h3-Q050=\":443\"; ma=2592000,h3-29=\":443\"; ma=2592000,h3-27=\":443\"; ma=2592000,h3-T051=\":443\"; ma=2592000,h3-T050=\":443\"; ma=2592000,h3-Q046=\":443\"; ma=2592000,h3-Q043=\":443\"; ma=2592000,quic=\":443\"; ma=2592000; v=\"46,43\"","accept-ranges":"none","transfer-encoding":"chunked"}
[info] i  hosting: Serving hosting files from: build {"metadata":{"emulator":{"name":"hosting"},"message":"Serving hosting files from: \u001b[1mbuild\u001b[22m"}}
[info] +  hosting: Local server: http://localhost:5000 {"metadata":{"emulator":{"name":"hosting"},"message":"Local server: \u001b[4m\u001b[1mhttp://localhost:5000\u001b[22m\u001b[24m"}}
[debug] [2020-10-05T10:18:40.166Z] Ignoring unsupported arg: auto_download {"metadata":{"emulator":{"name":"ui"},"message":"Ignoring unsupported arg: auto_download"}}
[debug] [2020-10-05T10:18:40.177Z] Ignoring unsupported arg: port {"metadata":{"emulator":{"name":"ui"},"message":"Ignoring unsupported arg: port"}}
[debug] [2020-10-05T10:18:40.179Z] Starting Emulator UI with command {"binary":"node","args":["C:\\Users\\Dhanush\\.cache\\firebase\\emulators\\ui-v1.1.1\\server.bundle.js"],"optionalArgs":[],"joinArgs":false} {"metadata":{"emulator":{"name":"ui"},"message":"Starting Emulator UI with command {\"binary\":\"node\",\"args\":[\"C:\\\\Users\\\\Dhanush\\\\.cache\\\\firebase\\\\emulators\\\\ui-v1.1.1\\\\server.bundle.js\"],\"optionalArgs\":[],\"joinArgs\":false}"}}
[info] i  ui: Emulator UI logging to ui-debug.log {"metadata":{"emulator":{"name":"ui"},"message":"Emulator UI logging to \u001b[1mui-debug.log\u001b[22m"}}
[debug] [2020-10-05T10:18:41.422Z] Web / API server started at http://localhost:4000
 {"metadata":{"emulator":{"name":"ui"},"message":"Web / API server started at http://localhost:4000\n"}}
[info] i  functions: Watching "E:\Clever Programmer~youtube\amazon-clone-with-stripe\functions" for Cloud Functions... {"metadata":{"emulator":{"name":"functions"},"message":"Watching \"E:\\Clever Programmer~youtube\\amazon-clone-with-stripe\\functions\" for Cloud Functions..."}}
[debug] [2020-10-05T10:18:41.773Z] [worker-pool] addWorker(~diagnostic~) {"metadata":{"emulator":{"name":"functions"},"message":"[worker-pool] addWorker(~diagnostic~)"}}
[debug] [2020-10-05T10:18:41.774Z] [worker-pool] Adding worker with key ~diagnostic~, total=1 {"metadata":{"emulator":{"name":"functions"},"message":"[worker-pool] Adding worker with key ~diagnostic~, total=1"}}
[debug] [2020-10-05T10:18:41.775Z] [worker-pool] submitWork(triggerId=) {"metadata":{"emulator":{"name":"functions"},"message":"[worker-pool] submitWork(triggerId=)"}}
[debug] [2020-10-05T10:18:41.778Z] [worker-~diagnostic~-28fd6610-c371-4fe2-b781-83ded488ab7a]: Assigning socketPath: \\?\pipe\E:\Clever Programmer~youtube\amazon-clone-with-stripe\functions\1128 {"metadata":{"emulator":{"name":"functions"},"message":"[worker-~diagnostic~-28fd6610-c371-4fe2-b781-83ded488ab7a]: Assigning socketPath: \\\\?\\pipe\\E:\\Clever Programmer~youtube\\amazon-clone-with-stripe\\functions\\1128"}}
[debug] [2020-10-05T10:18:41.780Z] [worker-~diagnostic~-28fd6610-c371-4fe2-b781-83ded488ab7a]: BUSY {"metadata":{"emulator":{"name":"functions"},"message":"[worker-~diagnostic~-28fd6610-c371-4fe2-b781-83ded488ab7a]: BUSY"}}
[debug] [2020-10-05T10:18:44.093Z] [runtime-status] [1128] Functions runtime initialized. {"cwd":"E:\\Clever Programmer~youtube\\amazon-clone-with-stripe\\functions","node_version":"14.9.0"} {"metadata":{"emulator":{"name":"functions"},"message":"[runtime-status] [1128] Functions runtime initialized. {\"cwd\":\"E:\\\\Clever Programmer~youtube\\\\amazon-clone-with-stripe\\\\functions\",\"node_version\":\"14.9.0\"}"}}
[debug] [2020-10-05T10:18:44.115Z] [runtime-status] [1128] Disabled runtime features: undefined {"metadata":{"emulator":{"name":"functions"},"message":"[runtime-status] [1128] Disabled runtime features: undefined"}}
[debug] [2020-10-05T10:18:44.141Z] [runtime-status] [1128] Resolved module firebase-admin {"declared":true,"installed":true,"version":"8.13.0","resolution":"E:\\Clever Programmer~youtube\\amazon-clone-with-stripe\\functions\\node_modules\\firebase-admin\\lib\\index.js"} {"metadata":{"emulator":{"name":"functions"},"message":"[runtime-status] [1128] Resolved module firebase-admin {\"declared\":true,\"installed\":true,\"version\":\"8.13.0\",\"resolution\":\"E:\\\\Clever Programmer~youtube\\\\amazon-clone-with-stripe\\\\functions\\\\node_modules\\\\firebase-admin\\\\lib\\\\index.js\"}"}}
[debug] [2020-10-05T10:18:44.150Z] [runtime-status] [1128] Resolved module firebase-functions {"declared":true,"installed":true,"version":"3.11.0","resolution":"E:\\Clever Programmer~youtube\\amazon-clone-with-stripe\\functions\\node_modules\\firebase-functions\\lib\\index.js"} {"metadata":{"emulator":{"name":"functions"},"message":"[runtime-status] [1128] Resolved module firebase-functions {\"declared\":true,\"installed\":true,\"version\":\"3.11.0\",\"resolution\":\"E:\\\\Clever Programmer~youtube\\\\amazon-clone-with-stripe\\\\functions\\\\node_modules\\\\firebase-functions\\\\lib\\\\index.js\"}"}}
[debug] [2020-10-05T10:18:44.157Z] [runtime-status] [1128] Resolved module firebase-functions {"declared":true,"installed":true,"version":"3.11.0","resolution":"E:\\Clever Programmer~youtube\\amazon-clone-with-stripe\\functions\\node_modules\\firebase-functions\\lib\\index.js"} {"metadata":{"emulator":{"name":"functions"},"message":"[runtime-status] [1128] Resolved module firebase-functions {\"declared\":true,\"installed\":true,\"version\":\"3.11.0\",\"resolution\":\"E:\\\\Clever Programmer~youtube\\\\amazon-clone-with-stripe\\\\functions\\\\node_modules\\\\firebase-functions\\\\lib\\\\index.js\"}"}}
[debug] [2020-10-05T10:18:44.167Z] [runtime-status] [1128] Outgoing network have been stubbed. [{"name":"http","status":"mocked"},{"name":"http","status":"mocked"},{"name":"https","status":"mocked"},{"name":"https","status":"mocked"},{"name":"net","status":"mocked"}] {"metadata":{"emulator":{"name":"functions"},"message":"[runtime-status] [1128] Outgoing network have been stubbed. [{\"name\":\"http\",\"status\":\"mocked\"},{\"name\":\"http\",\"status\":\"mocked\"},{\"name\":\"https\",\"status\":\"mocked\"},{\"name\":\"https\",\"status\":\"mocked\"},{\"name\":\"net\",\"status\":\"mocked\"}]"}}
[debug] [2020-10-05T10:18:44.171Z] [runtime-status] [1128] Resolved module firebase-functions {"declared":true,"installed":true,"version":"3.11.0","resolution":"E:\\Clever Programmer~youtube\\amazon-clone-with-stripe\\functions\\node_modules\\firebase-functions\\lib\\index.js"} {"metadata":{"emulator":{"name":"functions"},"message":"[runtime-status] [1128] Resolved module firebase-functions {\"declared\":true,\"installed\":true,\"version\":\"3.11.0\",\"resolution\":\"E:\\\\Clever Programmer~youtube\\\\amazon-clone-with-stripe\\\\functions\\\\node_modules\\\\firebase-functions\\\\lib\\\\index.js\"}"}}
[debug] [2020-10-05T10:18:44.419Z] [runtime-status] [1128] Checked functions.config() {"config":{}} {"metadata":{"emulator":{"name":"functions"},"message":"[runtime-status] [1128] Checked functions.config() {\"config\":{}}"}}
[debug] [2020-10-05T10:18:44.420Z] [runtime-status] [1128] firebase-functions has been stubbed. {"functionsResolution":{"declared":true,"installed":true,"version":"3.11.0","resolution":"E:\\Clever Programmer~youtube\\amazon-clone-with-stripe\\functions\\node_modules\\firebase-functions\\lib\\index.js"}} {"metadata":{"emulator":{"name":"functions"},"message":"[runtime-status] [1128] firebase-functions has been stubbed. {\"functionsResolution\":{\"declared\":true,\"installed\":true,\"version\":\"3.11.0\",\"resolution\":\"E:\\\\Clever Programmer~youtube\\\\amazon-clone-with-stripe\\\\functions\\\\node_modules\\\\firebase-functions\\\\lib\\\\index.js\"}}"}}
[debug] [2020-10-05T10:18:44.423Z] [runtime-status] [1128] Resolved module firebase-functions {"declared":true,"installed":true,"version":"3.11.0","resolution":"E:\\Clever Programmer~youtube\\amazon-clone-with-stripe\\functions\\node_modules\\firebase-functions\\lib\\index.js"} {"metadata":{"emulator":{"name":"functions"},"message":"[runtime-status] [1128] Resolved module firebase-functions {\"declared\":true,\"installed\":true,\"version\":\"3.11.0\",\"resolution\":\"E:\\\\Clever Programmer~youtube\\\\amazon-clone-with-stripe\\\\functions\\\\node_modules\\\\firebase-functions\\\\lib\\\\index.js\"}"}}
[debug] [2020-10-05T10:18:44.427Z] [runtime-status] [1128] Resolved module firebase-admin {"declared":true,"installed":true,"version":"8.13.0","resolution":"E:\\Clever Programmer~youtube\\amazon-clone-with-stripe\\functions\\node_modules\\firebase-admin\\lib\\index.js"} {"metadata":{"emulator":{"name":"functions"},"message":"[runtime-status] [1128] Resolved module firebase-admin {\"declared\":true,\"installed\":true,\"version\":\"8.13.0\",\"resolution\":\"E:\\\\Clever Programmer~youtube\\\\amazon-clone-with-stripe\\\\functions\\\\node_modules\\\\firebase-admin\\\\lib\\\\index.js\"}"}}
[debug] [2020-10-05T10:18:44.429Z] [runtime-status] [1128] Resolved module firebase-functions {"declared":true,"installed":true,"version":"3.11.0","resolution":"E:\\Clever Programmer~youtube\\amazon-clone-with-stripe\\functions\\node_modules\\firebase-functions\\lib\\index.js"} {"metadata":{"emulator":{"name":"functions"},"message":"[runtime-status] [1128] Resolved module firebase-functions {\"declared\":true,\"installed\":true,\"version\":\"3.11.0\",\"resolution\":\"E:\\\\Clever Programmer~youtube\\\\amazon-clone-with-stripe\\\\functions\\\\node_modules\\\\firebase-functions\\\\lib\\\\index.js\"}"}}
[debug] [2020-10-05T10:18:44.430Z] [runtime-status] [1128] firebase-admin has been stubbed. {"adminResolution":{"declared":true,"installed":true,"version":"8.13.0","resolution":"E:\\Clever Programmer~youtube\\amazon-clone-with-stripe\\functions\\node_modules\\firebase-admin\\lib\\index.js"}} {"metadata":{"emulator":{"name":"functions"},"message":"[runtime-status] [1128] firebase-admin has been stubbed. {\"adminResolution\":{\"declared\":true,\"installed\":true,\"version\":\"8.13.0\",\"resolution\":\"E:\\\\Clever Programmer~youtube\\\\amazon-clone-with-stripe\\\\functions\\\\node_modules\\\\firebase-admin\\\\lib\\\\index.js\"}}"}}
[warn] !  Error: Cannot find module 'stripe'
Require stack:
- E:\Clever Programmer~youtube\amazon-clone-with-stripe\functions\index.js
- C:\Users\Dhanush\AppData\Roaming\npm\node_modules\firebase-tools\lib\emulator\functionsEmulatorRuntime.js
    at Function.Module._resolveFilename (internal/modules/cjs/loader.js:892:15)
    at Function.Module._load (internal/modules/cjs/loader.js:742:27)
    at Module.require (internal/modules/cjs/loader.js:964:19)
    at require (internal/modules/cjs/helpers.js:88:18)
    at Object.<anonymous> (E:\Clever Programmer~youtube\amazon-clone-with-stripe\functions\index.js:4:16)
    at Module._compile (internal/modules/cjs/loader.js:1075:30)
    at Object.Module._extensions..js (internal/modules/cjs/loader.js:1096:10)
    at Module.load (internal/modules/cjs/loader.js:940:32)
    at Function.Module._load (internal/modules/cjs/loader.js:781:14)
    at Module.require (internal/modules/cjs/loader.js:964:19) {"metadata":{"emulator":{"name":"functions"},"message":"Error: Cannot find module 'stripe'\nRequire stack:\n- E:\\Clever Programmer~youtube\\amazon-clone-with-stripe\\functions\\index.js\n- C:\\Users\\Dhanush\\AppData\\Roaming\\npm\\node_modules\\firebase-tools\\lib\\emulator\\functionsEmulatorRuntime.js\n    at Function.Module._resolveFilename (internal/modules/cjs/loader.js:892:15)\n    at Function.Module._load (internal/modules/cjs/loader.js:742:27)\n    at Module.require (internal/modules/cjs/loader.js:964:19)\n    at require (internal/modules/cjs/helpers.js:88:18)\n    at Object.<anonymous> (E:\\Clever Programmer~youtube\\amazon-clone-with-stripe\\functions\\index.js:4:16)\n    at Module._compile (internal/modules/cjs/loader.js:1075:30)\n    at Object.Module._extensions..js (internal/modules/cjs/loader.js:1096:10)\n    at Module.load (internal/modules/cjs/loader.js:940:32)\n    at Function.Module._load (internal/modules/cjs/loader.js:781:14)\n    at Module.require (internal/modules/cjs/loader.js:964:19)"}}
[warn] !  We were unable to load your functions code. (see above) {"metadata":{"emulator":{"name":"functions"}}}
[debug] [2020-10-05T10:18:45.402Z] [worker-~diagnostic~-28fd6610-c371-4fe2-b781-83ded488ab7a]: exited {"metadata":{"emulator":{"name":"functions"},"message":"[worker-~diagnostic~-28fd6610-c371-4fe2-b781-83ded488ab7a]: exited"}}
[debug] [2020-10-05T10:18:45.403Z] [worker-~diagnostic~-28fd6610-c371-4fe2-b781-83ded488ab7a]: FINISHED {"metadata":{"emulator":{"name":"functions"},"message":"[worker-~diagnostic~-28fd6610-c371-4fe2-b781-83ded488ab7a]: FINISHED"}}
